2024-11-12 14:24:37,930 DEBUG    root            Loaded Command Group: ['gcloud', 'components']
2024-11-12 14:24:37,933 DEBUG    root            Loaded Command Group: ['gcloud', 'components', 'update']
2024-11-12 14:24:37,936 DEBUG    root            Running [gcloud.components.update] with arguments: [--quiet: "True", COMPONENT-IDS:8: "['gcloud', 'core', 'bq', 'gsutil', 'compute', 'preview', 'alpha', 'beta']"]
2024-11-12 14:24:37,937 INFO     ___FILE_ONLY___ Beginning update. This process may take several minutes.

2024-11-12 14:24:37,947 DEBUG    urllib3.connectionpool Starting new HTTPS connection (1): dl.google.com:443
2024-11-12 14:24:38,088 DEBUG    urllib3.connectionpool https://dl.google.com:443 "GET /dl/cloudsdk/channels/rapid/components-2.json HTTP/1.1" 200 226997
2024-11-12 14:24:38,113 WARNING  root            Component [compute] no longer exists.
2024-11-12 14:24:38,114 WARNING  root            Component [preview] no longer exists.
2024-11-12 14:24:38,115 INFO     ___FILE_ONLY___ 

2024-11-12 14:24:38,115 INFO     ___FILE_ONLY___ 
Your current Google Cloud CLI version is: 500.0.0

2024-11-12 14:24:38,115 INFO     ___FILE_ONLY___ Installing components from version: 500.0.0

2024-11-12 14:24:38,115 INFO     ___FILE_ONLY___ 

2024-11-12 14:24:38,116 DEBUG    root            Chosen display Format:table[box,title="These components will be removed."](details.display_name:label=Name:align=left,version.version_string:label=Version:align=right,data.size.size(zero="",min=1048576):label=Size:align=right)
2024-11-12 14:24:38,116 DEBUG    root            Chosen display Format:table[box,title="These components will be updated."](details.display_name:label=Name:align=left,version.version_string:label=Version:align=right,data.size.size(zero="",min=1048576):label=Size:align=right)
2024-11-12 14:24:38,117 DEBUG    root            Chosen display Format:table[box,title="These components will be installed."](details.display_name:label=Name:align=left,version.version_string:label=Version:align=right,data.size.size(zero="",min=1048576):label=Size:align=right)
2024-11-12 14:24:38,137 INFO     ___FILE_ONLY___ ┌──────────────────────────────────────────────┐
2024-11-12 14:24:38,137 INFO     ___FILE_ONLY___ 

2024-11-12 14:24:38,137 INFO     ___FILE_ONLY___ │     These components will be installed.      │
2024-11-12 14:24:38,137 INFO     ___FILE_ONLY___ 

2024-11-12 14:24:38,137 INFO     ___FILE_ONLY___ ├───────────────────────┬────────────┬─────────┤
2024-11-12 14:24:38,137 INFO     ___FILE_ONLY___ 

2024-11-12 14:24:38,137 INFO     ___FILE_ONLY___ │          Name         │  Version   │   Size  │
2024-11-12 14:24:38,137 INFO     ___FILE_ONLY___ 

2024-11-12 14:24:38,137 INFO     ___FILE_ONLY___ ├───────────────────────┼────────────┼─────────┤
2024-11-12 14:24:38,137 INFO     ___FILE_ONLY___ 

2024-11-12 14:24:38,137 INFO     ___FILE_ONLY___ │ 
2024-11-12 14:24:38,137 INFO     ___FILE_ONLY___ gcloud Alpha Commands
2024-11-12 14:24:38,138 INFO     ___FILE_ONLY___  
2024-11-12 14:24:38,138 INFO     ___FILE_ONLY___ │ 
2024-11-12 14:24:38,138 INFO     ___FILE_ONLY___ 2024.11.01
2024-11-12 14:24:38,138 INFO     ___FILE_ONLY___  
2024-11-12 14:24:38,138 INFO     ___FILE_ONLY___ │ 
2024-11-12 14:24:38,138 INFO     ___FILE_ONLY___ < 1 MiB
2024-11-12 14:24:38,138 INFO     ___FILE_ONLY___  
2024-11-12 14:24:38,138 INFO     ___FILE_ONLY___ │
2024-11-12 14:24:38,138 INFO     ___FILE_ONLY___ 

2024-11-12 14:24:38,138 INFO     ___FILE_ONLY___ │ 
2024-11-12 14:24:38,138 INFO     ___FILE_ONLY___ gcloud Beta Commands 
2024-11-12 14:24:38,138 INFO     ___FILE_ONLY___  
2024-11-12 14:24:38,138 INFO     ___FILE_ONLY___ │ 
2024-11-12 14:24:38,139 INFO     ___FILE_ONLY___ 2024.11.01
2024-11-12 14:24:38,139 INFO     ___FILE_ONLY___  
2024-11-12 14:24:38,139 INFO     ___FILE_ONLY___ │ 
2024-11-12 14:24:38,139 INFO     ___FILE_ONLY___ < 1 MiB
2024-11-12 14:24:38,139 INFO     ___FILE_ONLY___  
2024-11-12 14:24:38,139 INFO     ___FILE_ONLY___ │
2024-11-12 14:24:38,139 INFO     ___FILE_ONLY___ 

2024-11-12 14:24:38,139 INFO     ___FILE_ONLY___ └───────────────────────┴────────────┴─────────┘
2024-11-12 14:24:38,139 INFO     ___FILE_ONLY___ 

2024-11-12 14:24:38,139 INFO     ___FILE_ONLY___ 

2024-11-12 14:24:38,143 DEBUG    urllib3.connectionpool Starting new HTTPS connection (1): dl.google.com:443
2024-11-12 14:24:38,276 DEBUG    urllib3.connectionpool https://dl.google.com:443 "GET /dl/cloudsdk/channels/rapid/RELEASE_NOTES HTTP/1.1" 200 1306389
2024-11-12 14:24:38,350 INFO     ___FILE_ONLY___ For the latest full release notes, please visit:
  https://cloud.google.com/sdk/release_notes


2024-11-12 14:24:38,350 INFO     ___FILE_ONLY___ Performing in place update...


2024-11-12 14:24:38,353 INFO     ___FILE_ONLY___ ╔════════════════════════════════════════════════════════════╗

2024-11-12 14:24:38,353 INFO     ___FILE_ONLY___ ╠═ Downloading: gcloud Alpha Commands                       ═╣

2024-11-12 14:24:38,353 INFO     ___FILE_ONLY___ ╚
2024-11-12 14:24:38,357 DEBUG    urllib3.connectionpool Starting new HTTPS connection (1): dl.google.com:443
2024-11-12 14:24:38,519 DEBUG    urllib3.connectionpool https://dl.google.com:443 "GET /dl/cloudsdk/channels/rapid/components/google-cloud-sdk-alpha-20241101143516.tar.gz HTTP/1.1" 200 800
2024-11-12 14:24:38,520 INFO     ___FILE_ONLY___ ════════════════════════════════════════════════════════════
2024-11-12 14:24:38,520 INFO     ___FILE_ONLY___ ╝

2024-11-12 14:24:38,522 INFO     ___FILE_ONLY___ ╔════════════════════════════════════════════════════════════╗

2024-11-12 14:24:38,523 INFO     ___FILE_ONLY___ ╠═ Downloading: gcloud Beta Commands                        ═╣

2024-11-12 14:24:38,523 INFO     ___FILE_ONLY___ ╚
2024-11-12 14:24:38,526 DEBUG    urllib3.connectionpool Starting new HTTPS connection (1): dl.google.com:443
2024-11-12 14:24:38,662 DEBUG    urllib3.connectionpool https://dl.google.com:443 "GET /dl/cloudsdk/channels/rapid/components/google-cloud-sdk-beta-20241101143516.tar.gz HTTP/1.1" 200 797
2024-11-12 14:24:38,663 INFO     ___FILE_ONLY___ ════════════════════════════════════════════════════════════
2024-11-12 14:24:38,663 INFO     ___FILE_ONLY___ ╝

2024-11-12 14:24:38,665 INFO     ___FILE_ONLY___ ╔════════════════════════════════════════════════════════════╗

2024-11-12 14:24:38,665 INFO     ___FILE_ONLY___ ╠═ Installing: gcloud Alpha Commands                        ═╣

2024-11-12 14:24:38,666 INFO     ___FILE_ONLY___ ╚
2024-11-12 14:24:38,667 INFO     ___FILE_ONLY___ ════════════════════════════════════════════════════════════
2024-11-12 14:24:38,667 INFO     ___FILE_ONLY___ ╝

2024-11-12 14:24:38,680 INFO     ___FILE_ONLY___ ╔════════════════════════════════════════════════════════════╗

2024-11-12 14:24:38,680 INFO     ___FILE_ONLY___ ╠═ Installing: gcloud Beta Commands                         ═╣

2024-11-12 14:24:38,680 INFO     ___FILE_ONLY___ ╚
2024-11-12 14:24:38,681 INFO     ___FILE_ONLY___ ════════════════════════════════════════════════════════════
2024-11-12 14:24:38,681 INFO     ___FILE_ONLY___ ╝

2024-11-12 14:24:38,691 DEBUG    root            Updating notification cache...
2024-11-12 14:24:38,692 INFO     ___FILE_ONLY___ 

2024-11-12 14:24:38,694 INFO     ___FILE_ONLY___ Performing post processing steps...
2024-11-12 14:24:38,694 DEBUG    root            Executing command: ['/tools/google-cloud-sdk/bin/gcloud', 'components', 'post-process']
2024-11-12 14:24:51,040 DEBUG    ___FILE_ONLY___ 
2024-11-12 14:24:51,041 DEBUG    ___FILE_ONLY___ 
2024-11-12 14:24:51,230 INFO     ___FILE_ONLY___ 
Update done!


2024-11-12 14:24:51,234 DEBUG    root            Chosen display Format:none
2024-11-12 14:24:51,234 INFO     root            Display format: "none"
