2024-11-12 14:24:14,927 DEBUG    root            Loaded Command Group: ['gcloud', 'components']
2024-11-12 14:24:14,931 DEBUG    root            Loaded Command Group: ['gcloud', 'components', 'update']
2024-11-12 14:24:14,934 DEBUG    root            Running [gcloud.components.update] with arguments: [--compile-python: "True", --quiet: "True", COMPONENT-IDS:6: "['core', 'gcloud-deps', 'bq', 'gcloud', 'gcloud-crc32c', 'gsutil']"]
2024-11-12 14:24:14,935 INFO     ___FILE_ONLY___ Beginning update. This process may take several minutes.

2024-11-12 14:24:14,969 DEBUG    urllib3.connectionpool Starting new HTTPS connection (1): dl.google.com:443
2024-11-12 14:24:15,106 DEBUG    urllib3.connectionpool https://dl.google.com:443 "GET /dl/cloudsdk/channels/rapid/components-2.json HTTP/1.1" 200 226997
2024-11-12 14:24:15,128 INFO     ___FILE_ONLY___ 

2024-11-12 14:24:15,129 INFO     ___FILE_ONLY___ 
Your current Google Cloud CLI version is: 500.0.0

2024-11-12 14:24:15,129 INFO     ___FILE_ONLY___ Installing components from version: 500.0.0

2024-11-12 14:24:15,129 INFO     ___FILE_ONLY___ 

2024-11-12 14:24:15,129 DEBUG    root            Chosen display Format:table[box,title="These components will be removed."](details.display_name:label=Name:align=left,version.version_string:label=Version:align=right,data.size.size(zero="",min=1048576):label=Size:align=right)
2024-11-12 14:24:15,130 DEBUG    root            Chosen display Format:table[box,title="These components will be updated."](details.display_name:label=Name:align=left,version.version_string:label=Version:align=right,data.size.size(zero="",min=1048576):label=Size:align=right)
2024-11-12 14:24:15,131 DEBUG    root            Chosen display Format:table[box,title="These components will be installed."](details.display_name:label=Name:align=left,version.version_string:label=Version:align=right,data.size.size(zero="",min=1048576):label=Size:align=right)
2024-11-12 14:24:15,178 INFO     ___FILE_ONLY___ ┌─────────────────────────────────────────────────────────────────────────────┐
2024-11-12 14:24:15,178 INFO     ___FILE_ONLY___ 

2024-11-12 14:24:15,178 INFO     ___FILE_ONLY___ │                     These components will be installed.                     │
2024-11-12 14:24:15,178 INFO     ___FILE_ONLY___ 

2024-11-12 14:24:15,178 INFO     ___FILE_ONLY___ ├─────────────────────────────────────────────────────┬────────────┬──────────┤
2024-11-12 14:24:15,178 INFO     ___FILE_ONLY___ 

2024-11-12 14:24:15,178 INFO     ___FILE_ONLY___ │                         Name                        │  Version   │   Size   │
2024-11-12 14:24:15,178 INFO     ___FILE_ONLY___ 

2024-11-12 14:24:15,178 INFO     ___FILE_ONLY___ ├─────────────────────────────────────────────────────┼────────────┼──────────┤
2024-11-12 14:24:15,179 INFO     ___FILE_ONLY___ 

2024-11-12 14:24:15,179 INFO     ___FILE_ONLY___ │ 
2024-11-12 14:24:15,179 INFO     ___FILE_ONLY___ BigQuery Command Line Tool                         
2024-11-12 14:24:15,179 INFO     ___FILE_ONLY___  
2024-11-12 14:24:15,179 INFO     ___FILE_ONLY___ │ 
2024-11-12 14:24:15,179 INFO     ___FILE_ONLY___      2.1.9
2024-11-12 14:24:15,179 INFO     ___FILE_ONLY___  
2024-11-12 14:24:15,179 INFO     ___FILE_ONLY___ │ 
2024-11-12 14:24:15,179 INFO     ___FILE_ONLY___  1.7 MiB
2024-11-12 14:24:15,179 INFO     ___FILE_ONLY___  
2024-11-12 14:24:15,179 INFO     ___FILE_ONLY___ │
2024-11-12 14:24:15,179 INFO     ___FILE_ONLY___ 

2024-11-12 14:24:15,179 INFO     ___FILE_ONLY___ │ 
2024-11-12 14:24:15,180 INFO     ___FILE_ONLY___ BigQuery Command Line Tool (Platform Specific)     
2024-11-12 14:24:15,180 INFO     ___FILE_ONLY___  
2024-11-12 14:24:15,180 INFO     ___FILE_ONLY___ │ 
2024-11-12 14:24:15,180 INFO     ___FILE_ONLY___      2.1.8
2024-11-12 14:24:15,180 INFO     ___FILE_ONLY___  
2024-11-12 14:24:15,180 INFO     ___FILE_ONLY___ │ 
2024-11-12 14:24:15,180 INFO     ___FILE_ONLY___  < 1 MiB
2024-11-12 14:24:15,180 INFO     ___FILE_ONLY___  
2024-11-12 14:24:15,180 INFO     ___FILE_ONLY___ │
2024-11-12 14:24:15,180 INFO     ___FILE_ONLY___ 

2024-11-12 14:24:15,180 INFO     ___FILE_ONLY___ │ 
2024-11-12 14:24:15,180 INFO     ___FILE_ONLY___ Bundled Python 3.11 (Platform Specific)            
2024-11-12 14:24:15,180 INFO     ___FILE_ONLY___  
2024-11-12 14:24:15,181 INFO     ___FILE_ONLY___ │ 
2024-11-12 14:24:15,181 INFO     ___FILE_ONLY___     3.11.9
2024-11-12 14:24:15,181 INFO     ___FILE_ONLY___  
2024-11-12 14:24:15,181 INFO     ___FILE_ONLY___ │ 
2024-11-12 14:24:15,181 INFO     ___FILE_ONLY___ 74.4 MiB
2024-11-12 14:24:15,181 INFO     ___FILE_ONLY___  
2024-11-12 14:24:15,181 INFO     ___FILE_ONLY___ │
2024-11-12 14:24:15,181 INFO     ___FILE_ONLY___ 

2024-11-12 14:24:15,181 INFO     ___FILE_ONLY___ │ 
2024-11-12 14:24:15,181 INFO     ___FILE_ONLY___ Cloud Storage Command Line Tool                    
2024-11-12 14:24:15,181 INFO     ___FILE_ONLY___  
2024-11-12 14:24:15,181 INFO     ___FILE_ONLY___ │ 
2024-11-12 14:24:15,181 INFO     ___FILE_ONLY___       5.31
2024-11-12 14:24:15,181 INFO     ___FILE_ONLY___  
2024-11-12 14:24:15,182 INFO     ___FILE_ONLY___ │ 
2024-11-12 14:24:15,182 INFO     ___FILE_ONLY___ 11.3 MiB
2024-11-12 14:24:15,182 INFO     ___FILE_ONLY___  
2024-11-12 14:24:15,182 INFO     ___FILE_ONLY___ │
2024-11-12 14:24:15,182 INFO     ___FILE_ONLY___ 

2024-11-12 14:24:15,182 INFO     ___FILE_ONLY___ │ 
2024-11-12 14:24:15,182 INFO     ___FILE_ONLY___ Cloud Storage Command Line Tool (Platform Specific)
2024-11-12 14:24:15,182 INFO     ___FILE_ONLY___  
2024-11-12 14:24:15,182 INFO     ___FILE_ONLY___ │ 
2024-11-12 14:24:15,182 INFO     ___FILE_ONLY___       5.30
2024-11-12 14:24:15,182 INFO     ___FILE_ONLY___  
2024-11-12 14:24:15,182 INFO     ___FILE_ONLY___ │ 
2024-11-12 14:24:15,182 INFO     ___FILE_ONLY___  < 1 MiB
2024-11-12 14:24:15,182 INFO     ___FILE_ONLY___  
2024-11-12 14:24:15,183 INFO     ___FILE_ONLY___ │
2024-11-12 14:24:15,183 INFO     ___FILE_ONLY___ 

2024-11-12 14:24:15,183 INFO     ___FILE_ONLY___ │ 
2024-11-12 14:24:15,183 INFO     ___FILE_ONLY___ Google Cloud CLI Core Libraries (Platform Specific)
2024-11-12 14:24:15,183 INFO     ___FILE_ONLY___  
2024-11-12 14:24:15,183 INFO     ___FILE_ONLY___ │ 
2024-11-12 14:24:15,183 INFO     ___FILE_ONLY___ 2024.08.30
2024-11-12 14:24:15,183 INFO     ___FILE_ONLY___  
2024-11-12 14:24:15,183 INFO     ___FILE_ONLY___ │ 
2024-11-12 14:24:15,183 INFO     ___FILE_ONLY___  < 1 MiB
2024-11-12 14:24:15,183 INFO     ___FILE_ONLY___  
2024-11-12 14:24:15,183 INFO     ___FILE_ONLY___ │
2024-11-12 14:24:15,183 INFO     ___FILE_ONLY___ 

2024-11-12 14:24:15,184 INFO     ___FILE_ONLY___ │ 
2024-11-12 14:24:15,184 INFO     ___FILE_ONLY___ Google Cloud CRC32C Hash Tool (Platform Specific)  
2024-11-12 14:24:15,184 INFO     ___FILE_ONLY___  
2024-11-12 14:24:15,184 INFO     ___FILE_ONLY___ │ 
2024-11-12 14:24:15,184 INFO     ___FILE_ONLY___      1.0.0
2024-11-12 14:24:15,184 INFO     ___FILE_ONLY___  
2024-11-12 14:24:15,184 INFO     ___FILE_ONLY___ │ 
2024-11-12 14:24:15,184 INFO     ___FILE_ONLY___  1.3 MiB
2024-11-12 14:24:15,184 INFO     ___FILE_ONLY___  
2024-11-12 14:24:15,184 INFO     ___FILE_ONLY___ │
2024-11-12 14:24:15,184 INFO     ___FILE_ONLY___ 

2024-11-12 14:24:15,184 INFO     ___FILE_ONLY___ │ 
2024-11-12 14:24:15,184 INFO     ___FILE_ONLY___ gcloud cli dependencies (Platform Specific)        
2024-11-12 14:24:15,184 INFO     ___FILE_ONLY___  
2024-11-12 14:24:15,185 INFO     ___FILE_ONLY___ │ 
2024-11-12 14:24:15,185 INFO     ___FILE_ONLY___ 2021.04.16
2024-11-12 14:24:15,185 INFO     ___FILE_ONLY___  
2024-11-12 14:24:15,185 INFO     ___FILE_ONLY___ │ 
2024-11-12 14:24:15,185 INFO     ___FILE_ONLY___  < 1 MiB
2024-11-12 14:24:15,185 INFO     ___FILE_ONLY___  
2024-11-12 14:24:15,185 INFO     ___FILE_ONLY___ │
2024-11-12 14:24:15,185 INFO     ___FILE_ONLY___ 

2024-11-12 14:24:15,185 INFO     ___FILE_ONLY___ └─────────────────────────────────────────────────────┴────────────┴──────────┘
2024-11-12 14:24:15,185 INFO     ___FILE_ONLY___ 

2024-11-12 14:24:15,185 INFO     ___FILE_ONLY___ 

2024-11-12 14:24:15,189 DEBUG    urllib3.connectionpool Starting new HTTPS connection (1): dl.google.com:443
2024-11-12 14:24:15,332 DEBUG    urllib3.connectionpool https://dl.google.com:443 "GET /dl/cloudsdk/channels/rapid/RELEASE_NOTES HTTP/1.1" 200 1306389
2024-11-12 14:24:15,402 INFO     ___FILE_ONLY___ For the latest full release notes, please visit:
  https://cloud.google.com/sdk/release_notes


2024-11-12 14:24:15,403 INFO     ___FILE_ONLY___ Performing in place update...


2024-11-12 14:24:15,405 INFO     ___FILE_ONLY___ ╔════════════════════════════════════════════════════════════╗

2024-11-12 14:24:15,405 INFO     ___FILE_ONLY___ ╠═ Downloading: BigQuery Command Line Tool                  ═╣

2024-11-12 14:24:15,405 INFO     ___FILE_ONLY___ ╚
2024-11-12 14:24:15,409 DEBUG    urllib3.connectionpool Starting new HTTPS connection (1): dl.google.com:443
2024-11-12 14:24:15,483 DEBUG    urllib3.connectionpool https://dl.google.com:443 "GET /dl/cloudsdk/channels/rapid/components/google-cloud-sdk-bq-20241011151610.tar.gz HTTP/1.1" 200 1831026
2024-11-12 14:24:15,496 INFO     ___FILE_ONLY___ ═
2024-11-12 14:24:15,496 INFO     ___FILE_ONLY___ ═
2024-11-12 14:24:15,497 INFO     ___FILE_ONLY___ ═
2024-11-12 14:24:15,497 INFO     ___FILE_ONLY___ ═
2024-11-12 14:24:15,497 INFO     ___FILE_ONLY___ ═
2024-11-12 14:24:15,497 INFO     ___FILE_ONLY___ ═
2024-11-12 14:24:15,497 INFO     ___FILE_ONLY___ ═
2024-11-12 14:24:15,497 INFO     ___FILE_ONLY___ ═
2024-11-12 14:24:15,497 INFO     ___FILE_ONLY___ ═
2024-11-12 14:24:15,497 INFO     ___FILE_ONLY___ ═
2024-11-12 14:24:15,498 INFO     ___FILE_ONLY___ ═
2024-11-12 14:24:15,498 INFO     ___FILE_ONLY___ ═
2024-11-12 14:24:15,498 INFO     ___FILE_ONLY___ ═
2024-11-12 14:24:15,498 INFO     ___FILE_ONLY___ ═
2024-11-12 14:24:15,498 INFO     ___FILE_ONLY___ ═
2024-11-12 14:24:15,498 INFO     ___FILE_ONLY___ ═
2024-11-12 14:24:15,498 INFO     ___FILE_ONLY___ ═
2024-11-12 14:24:15,498 INFO     ___FILE_ONLY___ ═
2024-11-12 14:24:15,499 INFO     ___FILE_ONLY___ ═
2024-11-12 14:24:15,499 INFO     ___FILE_ONLY___ ═
2024-11-12 14:24:15,499 INFO     ___FILE_ONLY___ ═
2024-11-12 14:24:15,499 INFO     ___FILE_ONLY___ ═
2024-11-12 14:24:15,499 INFO     ___FILE_ONLY___ ═
2024-11-12 14:24:15,499 INFO     ___FILE_ONLY___ ═
2024-11-12 14:24:15,499 INFO     ___FILE_ONLY___ ═
2024-11-12 14:24:15,499 INFO     ___FILE_ONLY___ ═
2024-11-12 14:24:15,500 INFO     ___FILE_ONLY___ ═
2024-11-12 14:24:15,500 INFO     ___FILE_ONLY___ ═
2024-11-12 14:24:15,500 INFO     ___FILE_ONLY___ ═
2024-11-12 14:24:15,500 INFO     ___FILE_ONLY___ ═
2024-11-12 14:24:15,500 INFO     ___FILE_ONLY___ ═
2024-11-12 14:24:15,500 INFO     ___FILE_ONLY___ ═
2024-11-12 14:24:15,500 INFO     ___FILE_ONLY___ ═
2024-11-12 14:24:15,500 INFO     ___FILE_ONLY___ ═
2024-11-12 14:24:15,500 INFO     ___FILE_ONLY___ ═
2024-11-12 14:24:15,501 INFO     ___FILE_ONLY___ ═
2024-11-12 14:24:15,501 INFO     ___FILE_ONLY___ ═
2024-11-12 14:24:15,501 INFO     ___FILE_ONLY___ ═
2024-11-12 14:24:15,501 INFO     ___FILE_ONLY___ ═
2024-11-12 14:24:15,501 INFO     ___FILE_ONLY___ ═
2024-11-12 14:24:15,501 INFO     ___FILE_ONLY___ ═
2024-11-12 14:24:15,501 INFO     ___FILE_ONLY___ ═
2024-11-12 14:24:15,501 INFO     ___FILE_ONLY___ ═
2024-11-12 14:24:15,502 INFO     ___FILE_ONLY___ ═
2024-11-12 14:24:15,502 INFO     ___FILE_ONLY___ ═
2024-11-12 14:24:15,502 INFO     ___FILE_ONLY___ ═
2024-11-12 14:24:15,502 INFO     ___FILE_ONLY___ ═
2024-11-12 14:24:15,502 INFO     ___FILE_ONLY___ ═
2024-11-12 14:24:15,502 INFO     ___FILE_ONLY___ ═
2024-11-12 14:24:15,502 INFO     ___FILE_ONLY___ ═
2024-11-12 14:24:15,502 INFO     ___FILE_ONLY___ ═
2024-11-12 14:24:15,502 INFO     ___FILE_ONLY___ ═
2024-11-12 14:24:15,503 INFO     ___FILE_ONLY___ ═
2024-11-12 14:24:15,503 INFO     ___FILE_ONLY___ ═
2024-11-12 14:24:15,503 INFO     ___FILE_ONLY___ ═
2024-11-12 14:24:15,503 INFO     ___FILE_ONLY___ ═
2024-11-12 14:24:15,503 INFO     ___FILE_ONLY___ ═
2024-11-12 14:24:15,503 INFO     ___FILE_ONLY___ ═
2024-11-12 14:24:15,503 INFO     ___FILE_ONLY___ ═
2024-11-12 14:24:15,503 INFO     ___FILE_ONLY___ ═
2024-11-12 14:24:15,504 INFO     ___FILE_ONLY___ ╝

2024-11-12 14:24:15,506 INFO     ___FILE_ONLY___ ╔════════════════════════════════════════════════════════════╗

2024-11-12 14:24:15,506 INFO     ___FILE_ONLY___ ╠═ Downloading: BigQuery Command Line Tool (Platform Spe... ═╣

2024-11-12 14:24:15,506 INFO     ___FILE_ONLY___ ╚
2024-11-12 14:24:15,510 DEBUG    urllib3.connectionpool Starting new HTTPS connection (1): dl.google.com:443
2024-11-12 14:24:15,649 DEBUG    urllib3.connectionpool https://dl.google.com:443 "GET /dl/cloudsdk/channels/rapid/components/google-cloud-sdk-bq-nix-20240830134514.tar.gz HTTP/1.1" 200 1914
2024-11-12 14:24:15,650 INFO     ___FILE_ONLY___ ════════════════════════════════════════════════════════════
2024-11-12 14:24:15,650 INFO     ___FILE_ONLY___ ╝

2024-11-12 14:24:15,653 INFO     ___FILE_ONLY___ ╔════════════════════════════════════════════════════════════╗

2024-11-12 14:24:15,653 INFO     ___FILE_ONLY___ ╠═ Downloading: Bundled Python 3.11                         ═╣

2024-11-12 14:24:15,653 INFO     ___FILE_ONLY___ ╚
2024-11-12 14:24:15,653 INFO     ___FILE_ONLY___ ════════════════════════════════════════════════════════════
2024-11-12 14:24:15,653 INFO     ___FILE_ONLY___ ╝

2024-11-12 14:24:15,655 INFO     ___FILE_ONLY___ ╔════════════════════════════════════════════════════════════╗

2024-11-12 14:24:15,655 INFO     ___FILE_ONLY___ ╠═ Downloading: Bundled Python 3.11 (Platform Specific)     ═╣

2024-11-12 14:24:15,655 INFO     ___FILE_ONLY___ ╚
2024-11-12 14:24:15,659 DEBUG    urllib3.connectionpool Starting new HTTPS connection (1): dl.google.com:443
2024-11-12 14:24:15,797 DEBUG    urllib3.connectionpool https://dl.google.com:443 "GET /dl/cloudsdk/channels/rapid/components/google-cloud-sdk-bundled-python3-unix-linux-x86_64-20240920144119.tar.gz HTTP/1.1" 200 78001783
2024-11-12 14:24:16,249 INFO     ___FILE_ONLY___ ═
2024-11-12 14:24:16,251 INFO     ___FILE_ONLY___ ═
2024-11-12 14:24:16,252 INFO     ___FILE_ONLY___ ═
2024-11-12 14:24:16,254 INFO     ___FILE_ONLY___ ═
2024-11-12 14:24:16,256 INFO     ___FILE_ONLY___ ═
2024-11-12 14:24:16,258 INFO     ___FILE_ONLY___ ═
2024-11-12 14:24:16,260 INFO     ___FILE_ONLY___ ═
2024-11-12 14:24:16,261 INFO     ___FILE_ONLY___ ═
2024-11-12 14:24:16,263 INFO     ___FILE_ONLY___ ═
2024-11-12 14:24:16,265 INFO     ___FILE_ONLY___ ═
2024-11-12 14:24:16,267 INFO     ___FILE_ONLY___ ═
2024-11-12 14:24:16,269 INFO     ___FILE_ONLY___ ═
2024-11-12 14:24:16,270 INFO     ___FILE_ONLY___ ═
2024-11-12 14:24:16,272 INFO     ___FILE_ONLY___ ═
2024-11-12 14:24:16,274 INFO     ___FILE_ONLY___ ═
2024-11-12 14:24:16,276 INFO     ___FILE_ONLY___ ═
2024-11-12 14:24:16,277 INFO     ___FILE_ONLY___ ═
2024-11-12 14:24:16,279 INFO     ___FILE_ONLY___ ═
2024-11-12 14:24:16,281 INFO     ___FILE_ONLY___ ═
2024-11-12 14:24:16,283 INFO     ___FILE_ONLY___ ═
2024-11-12 14:24:16,284 INFO     ___FILE_ONLY___ ═
2024-11-12 14:24:16,286 INFO     ___FILE_ONLY___ ═
2024-11-12 14:24:16,288 INFO     ___FILE_ONLY___ ═
2024-11-12 14:24:16,290 INFO     ___FILE_ONLY___ ═
2024-11-12 14:24:16,291 INFO     ___FILE_ONLY___ ═
2024-11-12 14:24:16,293 INFO     ___FILE_ONLY___ ═
2024-11-12 14:24:16,295 INFO     ___FILE_ONLY___ ═
2024-11-12 14:24:16,297 INFO     ___FILE_ONLY___ ═
2024-11-12 14:24:16,298 INFO     ___FILE_ONLY___ ═
2024-11-12 14:24:16,300 INFO     ___FILE_ONLY___ ═
2024-11-12 14:24:16,302 INFO     ___FILE_ONLY___ ═
2024-11-12 14:24:16,304 INFO     ___FILE_ONLY___ ═
2024-11-12 14:24:16,306 INFO     ___FILE_ONLY___ ═
2024-11-12 14:24:16,307 INFO     ___FILE_ONLY___ ═
2024-11-12 14:24:16,309 INFO     ___FILE_ONLY___ ═
2024-11-12 14:24:16,311 INFO     ___FILE_ONLY___ ═
2024-11-12 14:24:16,313 INFO     ___FILE_ONLY___ ═
2024-11-12 14:24:16,314 INFO     ___FILE_ONLY___ ═
2024-11-12 14:24:16,316 INFO     ___FILE_ONLY___ ═
2024-11-12 14:24:16,318 INFO     ___FILE_ONLY___ ═
2024-11-12 14:24:16,320 INFO     ___FILE_ONLY___ ═
2024-11-12 14:24:16,321 INFO     ___FILE_ONLY___ ═
2024-11-12 14:24:16,323 INFO     ___FILE_ONLY___ ═
2024-11-12 14:24:16,325 INFO     ___FILE_ONLY___ ═
2024-11-12 14:24:16,327 INFO     ___FILE_ONLY___ ═
2024-11-12 14:24:16,329 INFO     ___FILE_ONLY___ ═
2024-11-12 14:24:16,330 INFO     ___FILE_ONLY___ ═
2024-11-12 14:24:16,332 INFO     ___FILE_ONLY___ ═
2024-11-12 14:24:16,334 INFO     ___FILE_ONLY___ ═
2024-11-12 14:24:16,336 INFO     ___FILE_ONLY___ ═
2024-11-12 14:24:16,337 INFO     ___FILE_ONLY___ ═
2024-11-12 14:24:16,339 INFO     ___FILE_ONLY___ ═
2024-11-12 14:24:16,341 INFO     ___FILE_ONLY___ ═
2024-11-12 14:24:16,343 INFO     ___FILE_ONLY___ ═
2024-11-12 14:24:16,345 INFO     ___FILE_ONLY___ ═
2024-11-12 14:24:16,347 INFO     ___FILE_ONLY___ ═
2024-11-12 14:24:16,348 INFO     ___FILE_ONLY___ ═
2024-11-12 14:24:16,350 INFO     ___FILE_ONLY___ ═
2024-11-12 14:24:16,352 INFO     ___FILE_ONLY___ ═
2024-11-12 14:24:16,354 INFO     ___FILE_ONLY___ ═
2024-11-12 14:24:16,354 INFO     ___FILE_ONLY___ ╝

2024-11-12 14:24:16,357 INFO     ___FILE_ONLY___ ╔════════════════════════════════════════════════════════════╗

2024-11-12 14:24:16,357 INFO     ___FILE_ONLY___ ╠═ Downloading: Cloud Storage Command Line Tool             ═╣

2024-11-12 14:24:16,357 INFO     ___FILE_ONLY___ ╚
2024-11-12 14:24:16,367 DEBUG    urllib3.connectionpool Starting new HTTPS connection (1): dl.google.com:443
2024-11-12 14:24:16,504 DEBUG    urllib3.connectionpool https://dl.google.com:443 "GET /dl/cloudsdk/channels/rapid/components/google-cloud-sdk-gsutil-20241011151610.tar.gz HTTP/1.1" 200 11831021
2024-11-12 14:24:16,559 INFO     ___FILE_ONLY___ ═
2024-11-12 14:24:16,559 INFO     ___FILE_ONLY___ ═
2024-11-12 14:24:16,560 INFO     ___FILE_ONLY___ ═
2024-11-12 14:24:16,560 INFO     ___FILE_ONLY___ ═
2024-11-12 14:24:16,561 INFO     ___FILE_ONLY___ ═
2024-11-12 14:24:16,562 INFO     ___FILE_ONLY___ ═
2024-11-12 14:24:16,562 INFO     ___FILE_ONLY___ ═
2024-11-12 14:24:16,562 INFO     ___FILE_ONLY___ ═
2024-11-12 14:24:16,563 INFO     ___FILE_ONLY___ ═
2024-11-12 14:24:16,563 INFO     ___FILE_ONLY___ ═
2024-11-12 14:24:16,563 INFO     ___FILE_ONLY___ ═
2024-11-12 14:24:16,564 INFO     ___FILE_ONLY___ ═
2024-11-12 14:24:16,564 INFO     ___FILE_ONLY___ ═
2024-11-12 14:24:16,565 INFO     ___FILE_ONLY___ ═
2024-11-12 14:24:16,565 INFO     ___FILE_ONLY___ ═
2024-11-12 14:24:16,565 INFO     ___FILE_ONLY___ ═
2024-11-12 14:24:16,566 INFO     ___FILE_ONLY___ ═
2024-11-12 14:24:16,566 INFO     ___FILE_ONLY___ ═
2024-11-12 14:24:16,566 INFO     ___FILE_ONLY___ ═
2024-11-12 14:24:16,567 INFO     ___FILE_ONLY___ ═
2024-11-12 14:24:16,567 INFO     ___FILE_ONLY___ ═
2024-11-12 14:24:16,567 INFO     ___FILE_ONLY___ ═
2024-11-12 14:24:16,568 INFO     ___FILE_ONLY___ ═
2024-11-12 14:24:16,568 INFO     ___FILE_ONLY___ ═
2024-11-12 14:24:16,568 INFO     ___FILE_ONLY___ ═
2024-11-12 14:24:16,569 INFO     ___FILE_ONLY___ ═
2024-11-12 14:24:16,569 INFO     ___FILE_ONLY___ ═
2024-11-12 14:24:16,570 INFO     ___FILE_ONLY___ ═
2024-11-12 14:24:16,570 INFO     ___FILE_ONLY___ ═
2024-11-12 14:24:16,570 INFO     ___FILE_ONLY___ ═
2024-11-12 14:24:16,571 INFO     ___FILE_ONLY___ ═
2024-11-12 14:24:16,571 INFO     ___FILE_ONLY___ ═
2024-11-12 14:24:16,572 INFO     ___FILE_ONLY___ ═
2024-11-12 14:24:16,572 INFO     ___FILE_ONLY___ ═
2024-11-12 14:24:16,572 INFO     ___FILE_ONLY___ ═
2024-11-12 14:24:16,573 INFO     ___FILE_ONLY___ ═
2024-11-12 14:24:16,573 INFO     ___FILE_ONLY___ ═
2024-11-12 14:24:16,573 INFO     ___FILE_ONLY___ ═
2024-11-12 14:24:16,574 INFO     ___FILE_ONLY___ ═
2024-11-12 14:24:16,574 INFO     ___FILE_ONLY___ ═
2024-11-12 14:24:16,574 INFO     ___FILE_ONLY___ ═
2024-11-12 14:24:16,575 INFO     ___FILE_ONLY___ ═
2024-11-12 14:24:16,575 INFO     ___FILE_ONLY___ ═
2024-11-12 14:24:16,575 INFO     ___FILE_ONLY___ ═
2024-11-12 14:24:16,576 INFO     ___FILE_ONLY___ ═
2024-11-12 14:24:16,576 INFO     ___FILE_ONLY___ ═
2024-11-12 14:24:16,577 INFO     ___FILE_ONLY___ ═
2024-11-12 14:24:16,577 INFO     ___FILE_ONLY___ ═
2024-11-12 14:24:16,577 INFO     ___FILE_ONLY___ ═
2024-11-12 14:24:16,578 INFO     ___FILE_ONLY___ ═
2024-11-12 14:24:16,578 INFO     ___FILE_ONLY___ ═
2024-11-12 14:24:16,578 INFO     ___FILE_ONLY___ ═
2024-11-12 14:24:16,579 INFO     ___FILE_ONLY___ ═
2024-11-12 14:24:16,579 INFO     ___FILE_ONLY___ ═
2024-11-12 14:24:16,580 INFO     ___FILE_ONLY___ ═
2024-11-12 14:24:16,580 INFO     ___FILE_ONLY___ ═
2024-11-12 14:24:16,580 INFO     ___FILE_ONLY___ ═
2024-11-12 14:24:16,581 INFO     ___FILE_ONLY___ ═
2024-11-12 14:24:16,581 INFO     ___FILE_ONLY___ ═
2024-11-12 14:24:16,581 INFO     ___FILE_ONLY___ ═
2024-11-12 14:24:16,581 INFO     ___FILE_ONLY___ ╝

2024-11-12 14:24:16,584 INFO     ___FILE_ONLY___ ╔════════════════════════════════════════════════════════════╗

2024-11-12 14:24:16,584 INFO     ___FILE_ONLY___ ╠═ Downloading: Cloud Storage Command Line Tool (Platfor... ═╣

2024-11-12 14:24:16,584 INFO     ___FILE_ONLY___ ╚
2024-11-12 14:24:16,588 DEBUG    urllib3.connectionpool Starting new HTTPS connection (1): dl.google.com:443
2024-11-12 14:24:16,720 DEBUG    urllib3.connectionpool https://dl.google.com:443 "GET /dl/cloudsdk/channels/rapid/components/google-cloud-sdk-gsutil-nix-20240830134514.tar.gz HTTP/1.1" 200 1928
2024-11-12 14:24:16,721 INFO     ___FILE_ONLY___ ════════════════════════════════════════════════════════════
2024-11-12 14:24:16,722 INFO     ___FILE_ONLY___ ╝

2024-11-12 14:24:16,724 INFO     ___FILE_ONLY___ ╔════════════════════════════════════════════════════════════╗

2024-11-12 14:24:16,724 INFO     ___FILE_ONLY___ ╠═ Downloading: Default set of gcloud commands              ═╣

2024-11-12 14:24:16,724 INFO     ___FILE_ONLY___ ╚
2024-11-12 14:24:16,724 INFO     ___FILE_ONLY___ ════════════════════════════════════════════════════════════
2024-11-12 14:24:16,724 INFO     ___FILE_ONLY___ ╝

2024-11-12 14:24:16,726 INFO     ___FILE_ONLY___ ╔════════════════════════════════════════════════════════════╗

2024-11-12 14:24:16,727 INFO     ___FILE_ONLY___ ╠═ Downloading: Google Cloud CLI Core Libraries (Platfor... ═╣

2024-11-12 14:24:16,727 INFO     ___FILE_ONLY___ ╚
2024-11-12 14:24:16,730 DEBUG    urllib3.connectionpool Starting new HTTPS connection (1): dl.google.com:443
2024-11-12 14:24:16,805 DEBUG    urllib3.connectionpool https://dl.google.com:443 "GET /dl/cloudsdk/channels/rapid/components/google-cloud-sdk-core-nix-20240830134514.tar.gz HTTP/1.1" 200 2306
2024-11-12 14:24:16,806 INFO     ___FILE_ONLY___ ════════════════════════════════════════════════════════════
2024-11-12 14:24:16,806 INFO     ___FILE_ONLY___ ╝

2024-11-12 14:24:16,808 INFO     ___FILE_ONLY___ ╔════════════════════════════════════════════════════════════╗

2024-11-12 14:24:16,808 INFO     ___FILE_ONLY___ ╠═ Downloading: Google Cloud CRC32C Hash Tool               ═╣

2024-11-12 14:24:16,808 INFO     ___FILE_ONLY___ ╚
2024-11-12 14:24:16,809 INFO     ___FILE_ONLY___ ════════════════════════════════════════════════════════════
2024-11-12 14:24:16,809 INFO     ___FILE_ONLY___ ╝

2024-11-12 14:24:16,811 INFO     ___FILE_ONLY___ ╔════════════════════════════════════════════════════════════╗

2024-11-12 14:24:16,811 INFO     ___FILE_ONLY___ ╠═ Downloading: Google Cloud CRC32C Hash Tool (Platform ... ═╣

2024-11-12 14:24:16,811 INFO     ___FILE_ONLY___ ╚
2024-11-12 14:24:16,815 DEBUG    urllib3.connectionpool Starting new HTTPS connection (1): dl.google.com:443
2024-11-12 14:24:16,952 DEBUG    urllib3.connectionpool https://dl.google.com:443 "GET /dl/cloudsdk/channels/rapid/components/google-cloud-sdk-gcloud-crc32c-linux-x86_64-20240712142834.tar.gz HTTP/1.1" 200 1350263
2024-11-12 14:24:16,964 INFO     ___FILE_ONLY___ ═
2024-11-12 14:24:16,964 INFO     ___FILE_ONLY___ ═
2024-11-12 14:24:16,964 INFO     ___FILE_ONLY___ ═
2024-11-12 14:24:16,964 INFO     ___FILE_ONLY___ ═
2024-11-12 14:24:16,964 INFO     ___FILE_ONLY___ ═
2024-11-12 14:24:16,965 INFO     ___FILE_ONLY___ ═
2024-11-12 14:24:16,965 INFO     ___FILE_ONLY___ ═
2024-11-12 14:24:16,965 INFO     ___FILE_ONLY___ ═
2024-11-12 14:24:16,965 INFO     ___FILE_ONLY___ ═
2024-11-12 14:24:16,965 INFO     ___FILE_ONLY___ ═
2024-11-12 14:24:16,965 INFO     ___FILE_ONLY___ ═
2024-11-12 14:24:16,965 INFO     ___FILE_ONLY___ ═
2024-11-12 14:24:16,965 INFO     ___FILE_ONLY___ ═
2024-11-12 14:24:16,965 INFO     ___FILE_ONLY___ ═
2024-11-12 14:24:16,966 INFO     ___FILE_ONLY___ ═
2024-11-12 14:24:16,966 INFO     ___FILE_ONLY___ ═
2024-11-12 14:24:16,966 INFO     ___FILE_ONLY___ ═
2024-11-12 14:24:16,966 INFO     ___FILE_ONLY___ ═
2024-11-12 14:24:16,966 INFO     ___FILE_ONLY___ ═
2024-11-12 14:24:16,966 INFO     ___FILE_ONLY___ ═
2024-11-12 14:24:16,966 INFO     ___FILE_ONLY___ ═
2024-11-12 14:24:16,966 INFO     ___FILE_ONLY___ ═
2024-11-12 14:24:16,966 INFO     ___FILE_ONLY___ ═
2024-11-12 14:24:16,966 INFO     ___FILE_ONLY___ ═
2024-11-12 14:24:16,967 INFO     ___FILE_ONLY___ ═
2024-11-12 14:24:16,967 INFO     ___FILE_ONLY___ ═
2024-11-12 14:24:16,967 INFO     ___FILE_ONLY___ ═
2024-11-12 14:24:16,967 INFO     ___FILE_ONLY___ ═
2024-11-12 14:24:16,967 INFO     ___FILE_ONLY___ ═
2024-11-12 14:24:16,967 INFO     ___FILE_ONLY___ ═
2024-11-12 14:24:16,967 INFO     ___FILE_ONLY___ ═
2024-11-12 14:24:16,967 INFO     ___FILE_ONLY___ ═
2024-11-12 14:24:16,967 INFO     ___FILE_ONLY___ ═
2024-11-12 14:24:16,968 INFO     ___FILE_ONLY___ ═
2024-11-12 14:24:16,968 INFO     ___FILE_ONLY___ ═
2024-11-12 14:24:16,968 INFO     ___FILE_ONLY___ ═
2024-11-12 14:24:16,968 INFO     ___FILE_ONLY___ ═
2024-11-12 14:24:16,968 INFO     ___FILE_ONLY___ ═
2024-11-12 14:24:16,968 INFO     ___FILE_ONLY___ ═
2024-11-12 14:24:16,968 INFO     ___FILE_ONLY___ ═
2024-11-12 14:24:16,968 INFO     ___FILE_ONLY___ ═
2024-11-12 14:24:16,968 INFO     ___FILE_ONLY___ ═
2024-11-12 14:24:16,969 INFO     ___FILE_ONLY___ ═
2024-11-12 14:24:16,969 INFO     ___FILE_ONLY___ ═
2024-11-12 14:24:16,969 INFO     ___FILE_ONLY___ ═
2024-11-12 14:24:16,969 INFO     ___FILE_ONLY___ ═
2024-11-12 14:24:16,969 INFO     ___FILE_ONLY___ ═
2024-11-12 14:24:16,969 INFO     ___FILE_ONLY___ ═
2024-11-12 14:24:16,969 INFO     ___FILE_ONLY___ ═
2024-11-12 14:24:16,969 INFO     ___FILE_ONLY___ ═
2024-11-12 14:24:16,969 INFO     ___FILE_ONLY___ ═
2024-11-12 14:24:16,969 INFO     ___FILE_ONLY___ ═
2024-11-12 14:24:16,970 INFO     ___FILE_ONLY___ ═
2024-11-12 14:24:16,970 INFO     ___FILE_ONLY___ ═
2024-11-12 14:24:16,970 INFO     ___FILE_ONLY___ ═
2024-11-12 14:24:16,970 INFO     ___FILE_ONLY___ ═
2024-11-12 14:24:16,970 INFO     ___FILE_ONLY___ ═
2024-11-12 14:24:16,970 INFO     ___FILE_ONLY___ ═
2024-11-12 14:24:16,970 INFO     ___FILE_ONLY___ ═
2024-11-12 14:24:16,970 INFO     ___FILE_ONLY___ ═
2024-11-12 14:24:16,970 INFO     ___FILE_ONLY___ ╝

2024-11-12 14:24:16,973 INFO     ___FILE_ONLY___ ╔════════════════════════════════════════════════════════════╗

2024-11-12 14:24:16,973 INFO     ___FILE_ONLY___ ╠═ Downloading: gcloud cli dependencies (Platform Specific) ═╣

2024-11-12 14:24:16,973 INFO     ___FILE_ONLY___ ╚
2024-11-12 14:24:16,977 DEBUG    urllib3.connectionpool Starting new HTTPS connection (1): dl.google.com:443
2024-11-12 14:24:17,053 DEBUG    urllib3.connectionpool https://dl.google.com:443 "GET /dl/cloudsdk/channels/rapid/components/google-cloud-sdk-gcloud-deps-linux-x86_64-20210416153011.tar.gz HTTP/1.1" 200 104
2024-11-12 14:24:17,054 INFO     ___FILE_ONLY___ ════════════════════════════════════════════════════════════
2024-11-12 14:24:17,054 INFO     ___FILE_ONLY___ ╝

2024-11-12 14:24:17,056 INFO     ___FILE_ONLY___ ╔════════════════════════════════════════════════════════════╗

2024-11-12 14:24:17,057 INFO     ___FILE_ONLY___ ╠═ Installing: BigQuery Command Line Tool                   ═╣

2024-11-12 14:24:17,057 INFO     ___FILE_ONLY___ ╚
2024-11-12 14:24:17,190 INFO     ___FILE_ONLY___ ═
2024-11-12 14:24:17,193 INFO     ___FILE_ONLY___ ═
2024-11-12 14:24:17,196 INFO     ___FILE_ONLY___ ═
2024-11-12 14:24:17,198 INFO     ___FILE_ONLY___ ═
2024-11-12 14:24:17,201 INFO     ___FILE_ONLY___ ═
2024-11-12 14:24:17,204 INFO     ___FILE_ONLY___ ═
2024-11-12 14:24:17,207 INFO     ___FILE_ONLY___ ═
2024-11-12 14:24:17,209 INFO     ___FILE_ONLY___ ═
2024-11-12 14:24:17,212 INFO     ___FILE_ONLY___ ═
2024-11-12 14:24:17,215 INFO     ___FILE_ONLY___ ═
2024-11-12 14:24:17,217 INFO     ___FILE_ONLY___ ═
2024-11-12 14:24:17,220 INFO     ___FILE_ONLY___ ═
2024-11-12 14:24:17,222 INFO     ___FILE_ONLY___ ═
2024-11-12 14:24:17,226 INFO     ___FILE_ONLY___ ═
2024-11-12 14:24:17,228 INFO     ___FILE_ONLY___ ═
2024-11-12 14:24:17,231 INFO     ___FILE_ONLY___ ═
2024-11-12 14:24:17,233 INFO     ___FILE_ONLY___ ═
2024-11-12 14:24:17,237 INFO     ___FILE_ONLY___ ═
2024-11-12 14:24:17,240 INFO     ___FILE_ONLY___ ═
2024-11-12 14:24:17,243 INFO     ___FILE_ONLY___ ═
2024-11-12 14:24:17,245 INFO     ___FILE_ONLY___ ═
2024-11-12 14:24:17,248 INFO     ___FILE_ONLY___ ═
2024-11-12 14:24:17,250 INFO     ___FILE_ONLY___ ═
2024-11-12 14:24:17,252 INFO     ___FILE_ONLY___ ═
2024-11-12 14:24:17,255 INFO     ___FILE_ONLY___ ═
2024-11-12 14:24:17,257 INFO     ___FILE_ONLY___ ═
2024-11-12 14:24:17,260 INFO     ___FILE_ONLY___ ═
2024-11-12 14:24:17,263 INFO     ___FILE_ONLY___ ═
2024-11-12 14:24:17,267 INFO     ___FILE_ONLY___ ═
2024-11-12 14:24:17,269 INFO     ___FILE_ONLY___ ═
2024-11-12 14:24:17,272 INFO     ___FILE_ONLY___ ═
2024-11-12 14:24:17,274 INFO     ___FILE_ONLY___ ═
2024-11-12 14:24:17,278 INFO     ___FILE_ONLY___ ═
2024-11-12 14:24:17,282 INFO     ___FILE_ONLY___ ═
2024-11-12 14:24:17,291 INFO     ___FILE_ONLY___ ═
2024-11-12 14:24:17,293 INFO     ___FILE_ONLY___ ═
2024-11-12 14:24:17,296 INFO     ___FILE_ONLY___ ═
2024-11-12 14:24:17,301 INFO     ___FILE_ONLY___ ═
2024-11-12 14:24:17,304 INFO     ___FILE_ONLY___ ═
2024-11-12 14:24:17,307 INFO     ___FILE_ONLY___ ═
2024-11-12 14:24:17,309 INFO     ___FILE_ONLY___ ═
2024-11-12 14:24:17,312 INFO     ___FILE_ONLY___ ═
2024-11-12 14:24:17,317 INFO     ___FILE_ONLY___ ═
2024-11-12 14:24:17,320 INFO     ___FILE_ONLY___ ═
2024-11-12 14:24:17,322 INFO     ___FILE_ONLY___ ═
2024-11-12 14:24:17,324 INFO     ___FILE_ONLY___ ═
2024-11-12 14:24:17,326 INFO     ___FILE_ONLY___ ═
2024-11-12 14:24:17,329 INFO     ___FILE_ONLY___ ═
2024-11-12 14:24:17,331 INFO     ___FILE_ONLY___ ═
2024-11-12 14:24:17,334 INFO     ___FILE_ONLY___ ═
2024-11-12 14:24:17,336 INFO     ___FILE_ONLY___ ═
2024-11-12 14:24:17,339 INFO     ___FILE_ONLY___ ═
2024-11-12 14:24:17,341 INFO     ___FILE_ONLY___ ═
2024-11-12 14:24:17,343 INFO     ___FILE_ONLY___ ═
2024-11-12 14:24:17,346 INFO     ___FILE_ONLY___ ═
2024-11-12 14:24:17,348 INFO     ___FILE_ONLY___ ═
2024-11-12 14:24:17,350 INFO     ___FILE_ONLY___ ═
2024-11-12 14:24:17,353 INFO     ___FILE_ONLY___ ═
2024-11-12 14:24:17,355 INFO     ___FILE_ONLY___ ═
2024-11-12 14:24:17,358 INFO     ___FILE_ONLY___ ═
2024-11-12 14:24:17,358 INFO     ___FILE_ONLY___ ╝

2024-11-12 14:24:17,378 INFO     ___FILE_ONLY___ ╔════════════════════════════════════════════════════════════╗

2024-11-12 14:24:17,378 INFO     ___FILE_ONLY___ ╠═ Installing: BigQuery Command Line Tool (Platform Spec... ═╣

2024-11-12 14:24:17,379 INFO     ___FILE_ONLY___ ╚
2024-11-12 14:24:17,380 INFO     ___FILE_ONLY___ ════════════════════════════════════════════════════════════
2024-11-12 14:24:17,380 INFO     ___FILE_ONLY___ ╝

2024-11-12 14:24:17,388 INFO     ___FILE_ONLY___ ╔════════════════════════════════════════════════════════════╗

2024-11-12 14:24:17,388 INFO     ___FILE_ONLY___ ╠═ Installing: Bundled Python 3.11                          ═╣

2024-11-12 14:24:17,388 INFO     ___FILE_ONLY___ ╚
2024-11-12 14:24:17,394 INFO     ___FILE_ONLY___ ════════════════════════════════════════════════════════════
2024-11-12 14:24:17,394 INFO     ___FILE_ONLY___ ╝

2024-11-12 14:24:17,396 INFO     ___FILE_ONLY___ ╔════════════════════════════════════════════════════════════╗

2024-11-12 14:24:17,396 INFO     ___FILE_ONLY___ ╠═ Installing: Bundled Python 3.11 (Platform Specific)      ═╣

2024-11-12 14:24:17,396 INFO     ___FILE_ONLY___ ╚
2024-11-12 14:24:19,726 INFO     ___FILE_ONLY___ ═
2024-11-12 14:24:19,744 INFO     ___FILE_ONLY___ ═
2024-11-12 14:24:19,760 INFO     ___FILE_ONLY___ ═
2024-11-12 14:24:19,775 INFO     ___FILE_ONLY___ ═
2024-11-12 14:24:19,790 INFO     ___FILE_ONLY___ ═
2024-11-12 14:24:19,805 INFO     ___FILE_ONLY___ ═
2024-11-12 14:24:19,821 INFO     ___FILE_ONLY___ ═
2024-11-12 14:24:19,836 INFO     ___FILE_ONLY___ ═
2024-11-12 14:24:19,851 INFO     ___FILE_ONLY___ ═
2024-11-12 14:24:19,866 INFO     ___FILE_ONLY___ ═
2024-11-12 14:24:19,880 INFO     ___FILE_ONLY___ ═
2024-11-12 14:24:19,895 INFO     ___FILE_ONLY___ ═
2024-11-12 14:24:19,910 INFO     ___FILE_ONLY___ ═
2024-11-12 14:24:19,925 INFO     ___FILE_ONLY___ ═
2024-11-12 14:24:19,941 INFO     ___FILE_ONLY___ ═
2024-11-12 14:24:19,956 INFO     ___FILE_ONLY___ ═
2024-11-12 14:24:19,971 INFO     ___FILE_ONLY___ ═
2024-11-12 14:24:19,985 INFO     ___FILE_ONLY___ ═
2024-11-12 14:24:20,000 INFO     ___FILE_ONLY___ ═
2024-11-12 14:24:20,015 INFO     ___FILE_ONLY___ ═
2024-11-12 14:24:20,030 INFO     ___FILE_ONLY___ ═
2024-11-12 14:24:20,045 INFO     ___FILE_ONLY___ ═
2024-11-12 14:24:20,060 INFO     ___FILE_ONLY___ ═
2024-11-12 14:24:20,074 INFO     ___FILE_ONLY___ ═
2024-11-12 14:24:20,090 INFO     ___FILE_ONLY___ ═
2024-11-12 14:24:20,105 INFO     ___FILE_ONLY___ ═
2024-11-12 14:24:20,120 INFO     ___FILE_ONLY___ ═
2024-11-12 14:24:20,135 INFO     ___FILE_ONLY___ ═
2024-11-12 14:24:20,150 INFO     ___FILE_ONLY___ ═
2024-11-12 14:24:20,165 INFO     ___FILE_ONLY___ ═
2024-11-12 14:24:20,179 INFO     ___FILE_ONLY___ ═
2024-11-12 14:24:20,194 INFO     ___FILE_ONLY___ ═
2024-11-12 14:24:20,208 INFO     ___FILE_ONLY___ ═
2024-11-12 14:24:20,222 INFO     ___FILE_ONLY___ ═
2024-11-12 14:24:20,237 INFO     ___FILE_ONLY___ ═
2024-11-12 14:24:20,252 INFO     ___FILE_ONLY___ ═
2024-11-12 14:24:21,059 INFO     ___FILE_ONLY___ ═
2024-11-12 14:24:21,088 INFO     ___FILE_ONLY___ ═
2024-11-12 14:24:21,115 INFO     ___FILE_ONLY___ ═
2024-11-12 14:24:21,139 INFO     ___FILE_ONLY___ ═
2024-11-12 14:24:21,163 INFO     ___FILE_ONLY___ ═
2024-11-12 14:24:21,312 INFO     ___FILE_ONLY___ ═
2024-11-12 14:24:21,343 INFO     ___FILE_ONLY___ ═
2024-11-12 14:24:21,365 INFO     ___FILE_ONLY___ ═
2024-11-12 14:24:21,383 INFO     ___FILE_ONLY___ ═
2024-11-12 14:24:21,404 INFO     ___FILE_ONLY___ ═
2024-11-12 14:24:21,437 INFO     ___FILE_ONLY___ ═
2024-11-12 14:24:21,462 INFO     ___FILE_ONLY___ ═
2024-11-12 14:24:21,482 INFO     ___FILE_ONLY___ ═
2024-11-12 14:24:21,499 INFO     ___FILE_ONLY___ ═
2024-11-12 14:24:21,601 INFO     ___FILE_ONLY___ ═
2024-11-12 14:24:21,623 INFO     ___FILE_ONLY___ ═
2024-11-12 14:24:21,645 INFO     ___FILE_ONLY___ ═
2024-11-12 14:24:21,666 INFO     ___FILE_ONLY___ ═
2024-11-12 14:24:21,715 INFO     ___FILE_ONLY___ ═
2024-11-12 14:24:22,116 INFO     ___FILE_ONLY___ ═
2024-11-12 14:24:22,137 INFO     ___FILE_ONLY___ ═
2024-11-12 14:24:22,161 INFO     ___FILE_ONLY___ ═
2024-11-12 14:24:22,182 INFO     ___FILE_ONLY___ ═
2024-11-12 14:24:22,586 INFO     ___FILE_ONLY___ ═
2024-11-12 14:24:22,586 INFO     ___FILE_ONLY___ ╝

2024-11-12 14:24:22,704 INFO     ___FILE_ONLY___ ╔════════════════════════════════════════════════════════════╗

2024-11-12 14:24:22,704 INFO     ___FILE_ONLY___ ╠═ Installing: Cloud Storage Command Line Tool              ═╣

2024-11-12 14:24:22,704 INFO     ___FILE_ONLY___ ╚
2024-11-12 14:24:23,418 INFO     ___FILE_ONLY___ ═
2024-11-12 14:24:23,435 INFO     ___FILE_ONLY___ ═
2024-11-12 14:24:23,457 INFO     ___FILE_ONLY___ ═
2024-11-12 14:24:23,478 INFO     ___FILE_ONLY___ ═
2024-11-12 14:24:23,493 INFO     ___FILE_ONLY___ ═
2024-11-12 14:24:23,503 INFO     ___FILE_ONLY___ ═
2024-11-12 14:24:23,513 INFO     ___FILE_ONLY___ ═
2024-11-12 14:24:23,525 INFO     ___FILE_ONLY___ ═
2024-11-12 14:24:23,535 INFO     ___FILE_ONLY___ ═
2024-11-12 14:24:23,546 INFO     ___FILE_ONLY___ ═
2024-11-12 14:24:23,558 INFO     ___FILE_ONLY___ ═
2024-11-12 14:24:23,571 INFO     ___FILE_ONLY___ ═
2024-11-12 14:24:23,583 INFO     ___FILE_ONLY___ ═
2024-11-12 14:24:23,595 INFO     ___FILE_ONLY___ ═
2024-11-12 14:24:23,609 INFO     ___FILE_ONLY___ ═
2024-11-12 14:24:23,624 INFO     ___FILE_ONLY___ ═
2024-11-12 14:24:23,640 INFO     ___FILE_ONLY___ ═
2024-11-12 14:24:23,655 INFO     ___FILE_ONLY___ ═
2024-11-12 14:24:23,669 INFO     ___FILE_ONLY___ ═
2024-11-12 14:24:23,684 INFO     ___FILE_ONLY___ ═
2024-11-12 14:24:23,700 INFO     ___FILE_ONLY___ ═
2024-11-12 14:24:23,721 INFO     ___FILE_ONLY___ ═
2024-11-12 14:24:23,735 INFO     ___FILE_ONLY___ ═
2024-11-12 14:24:23,749 INFO     ___FILE_ONLY___ ═
2024-11-12 14:24:23,766 INFO     ___FILE_ONLY___ ═
2024-11-12 14:24:23,783 INFO     ___FILE_ONLY___ ═
2024-11-12 14:24:23,801 INFO     ___FILE_ONLY___ ═
2024-11-12 14:24:23,822 INFO     ___FILE_ONLY___ ═
2024-11-12 14:24:23,845 INFO     ___FILE_ONLY___ ═
2024-11-12 14:24:23,860 INFO     ___FILE_ONLY___ ═
2024-11-12 14:24:23,871 INFO     ___FILE_ONLY___ ═
2024-11-12 14:24:23,884 INFO     ___FILE_ONLY___ ═
2024-11-12 14:24:23,896 INFO     ___FILE_ONLY___ ═
2024-11-12 14:24:23,907 INFO     ___FILE_ONLY___ ═
2024-11-12 14:24:23,923 INFO     ___FILE_ONLY___ ═
2024-11-12 14:24:23,937 INFO     ___FILE_ONLY___ ═
2024-11-12 14:24:23,949 INFO     ___FILE_ONLY___ ═
2024-11-12 14:24:23,960 INFO     ___FILE_ONLY___ ═
2024-11-12 14:24:23,971 INFO     ___FILE_ONLY___ ═
2024-11-12 14:24:23,984 INFO     ___FILE_ONLY___ ═
2024-11-12 14:24:24,023 INFO     ___FILE_ONLY___ ═
2024-11-12 14:24:24,039 INFO     ___FILE_ONLY___ ═
2024-11-12 14:24:24,053 INFO     ___FILE_ONLY___ ═
2024-11-12 14:24:24,067 INFO     ___FILE_ONLY___ ═
2024-11-12 14:24:24,078 INFO     ___FILE_ONLY___ ═
2024-11-12 14:24:24,089 INFO     ___FILE_ONLY___ ═
2024-11-12 14:24:24,101 INFO     ___FILE_ONLY___ ═
2024-11-12 14:24:24,114 INFO     ___FILE_ONLY___ ═
2024-11-12 14:24:24,135 INFO     ___FILE_ONLY___ ═
2024-11-12 14:24:24,148 INFO     ___FILE_ONLY___ ═
2024-11-12 14:24:24,159 INFO     ___FILE_ONLY___ ═
2024-11-12 14:24:24,169 INFO     ___FILE_ONLY___ ═
2024-11-12 14:24:24,186 INFO     ___FILE_ONLY___ ═
2024-11-12 14:24:24,200 INFO     ___FILE_ONLY___ ═
2024-11-12 14:24:24,214 INFO     ___FILE_ONLY___ ═
2024-11-12 14:24:24,232 INFO     ___FILE_ONLY___ ═
2024-11-12 14:24:24,246 INFO     ___FILE_ONLY___ ═
2024-11-12 14:24:24,260 INFO     ___FILE_ONLY___ ═
2024-11-12 14:24:24,271 INFO     ___FILE_ONLY___ ═
2024-11-12 14:24:24,282 INFO     ___FILE_ONLY___ ═
2024-11-12 14:24:24,283 INFO     ___FILE_ONLY___ ╝

2024-11-12 14:24:24,362 INFO     ___FILE_ONLY___ ╔════════════════════════════════════════════════════════════╗

2024-11-12 14:24:24,362 INFO     ___FILE_ONLY___ ╠═ Installing: Cloud Storage Command Line Tool (Platform... ═╣

2024-11-12 14:24:24,362 INFO     ___FILE_ONLY___ ╚
2024-11-12 14:24:24,363 INFO     ___FILE_ONLY___ ════════════════════════════════════════════════════════════
2024-11-12 14:24:24,363 INFO     ___FILE_ONLY___ ╝

2024-11-12 14:24:24,371 INFO     ___FILE_ONLY___ ╔════════════════════════════════════════════════════════════╗

2024-11-12 14:24:24,371 INFO     ___FILE_ONLY___ ╠═ Installing: Default set of gcloud commands               ═╣

2024-11-12 14:24:24,371 INFO     ___FILE_ONLY___ ╚
2024-11-12 14:24:24,377 INFO     ___FILE_ONLY___ ════════════════════════════════════════════════════════════
2024-11-12 14:24:24,377 INFO     ___FILE_ONLY___ ╝

2024-11-12 14:24:24,379 INFO     ___FILE_ONLY___ ╔════════════════════════════════════════════════════════════╗

2024-11-12 14:24:24,380 INFO     ___FILE_ONLY___ ╠═ Installing: Google Cloud CLI Core Libraries (Platform... ═╣

2024-11-12 14:24:24,380 INFO     ___FILE_ONLY___ ╚
2024-11-12 14:24:24,381 INFO     ___FILE_ONLY___ ══════════════════════════════
2024-11-12 14:24:24,381 INFO     ___FILE_ONLY___ ══════════════════════════════
2024-11-12 14:24:24,381 INFO     ___FILE_ONLY___ ╝

2024-11-12 14:24:24,389 INFO     ___FILE_ONLY___ ╔════════════════════════════════════════════════════════════╗

2024-11-12 14:24:24,389 INFO     ___FILE_ONLY___ ╠═ Installing: Google Cloud CRC32C Hash Tool                ═╣

2024-11-12 14:24:24,389 INFO     ___FILE_ONLY___ ╚
2024-11-12 14:24:24,395 INFO     ___FILE_ONLY___ ════════════════════════════════════════════════════════════
2024-11-12 14:24:24,395 INFO     ___FILE_ONLY___ ╝

2024-11-12 14:24:24,397 INFO     ___FILE_ONLY___ ╔════════════════════════════════════════════════════════════╗

2024-11-12 14:24:24,397 INFO     ___FILE_ONLY___ ╠═ Installing: Google Cloud CRC32C Hash Tool (Platform S... ═╣

2024-11-12 14:24:24,397 INFO     ___FILE_ONLY___ ╚
2024-11-12 14:24:24,435 INFO     ___FILE_ONLY___ ══════════════════════════════
2024-11-12 14:24:24,436 INFO     ___FILE_ONLY___ ══════════════════════════════
2024-11-12 14:24:24,436 INFO     ___FILE_ONLY___ ╝

2024-11-12 14:24:24,444 INFO     ___FILE_ONLY___ ╔════════════════════════════════════════════════════════════╗

2024-11-12 14:24:24,444 INFO     ___FILE_ONLY___ ╠═ Installing: gcloud cli dependencies (Platform Specific)  ═╣

2024-11-12 14:24:24,445 INFO     ___FILE_ONLY___ ╚
2024-11-12 14:24:24,445 INFO     ___FILE_ONLY___ ════════════════════════════════════════════════════════════
2024-11-12 14:24:24,445 INFO     ___FILE_ONLY___ ╝

2024-11-12 14:24:24,455 DEBUG    root            Updating notification cache...
2024-11-12 14:24:24,456 INFO     ___FILE_ONLY___ 

2024-11-12 14:24:24,458 INFO     ___FILE_ONLY___ Performing post processing steps...
2024-11-12 14:24:24,458 DEBUG    root            Executing command: ['/tools/google-cloud-sdk/bin/gcloud', 'components', 'post-process']
2024-11-12 14:24:37,162 DEBUG    ___FILE_ONLY___ 
2024-11-12 14:24:37,162 DEBUG    ___FILE_ONLY___ 
2024-11-12 14:24:37,276 INFO     ___FILE_ONLY___ 
Update done!


2024-11-12 14:24:37,280 DEBUG    root            Chosen display Format:none
2024-11-12 14:24:37,280 INFO     root            Display format: "none"
